<?xml version="1.0" encoding="UTF-8"?>
<!-- Generated by org.testng.reporters.JUnitReportReporter -->
<testsuite hostname="Lafiajis-MacBook-Air.local" failures="0" tests="2" name="tests.LoginBeforeMethod" time="49.002" errors="0" timestamp="2023-05-05T11:52:59 WAT" skipped="0">
  <testcase classname="tests.LoginBeforeMethod" name="invalidLogin" time="28.919"/>
  <system-out/>
  <testcase classname="tests.LoginBeforeMethod" name="validLogin" time="20.083"/>
  <system-out/>
</testsuite> <!-- tests.LoginBeforeMethod -->
