<?xml version="1.0" encoding="UTF-8"?>
<!-- Generated by org.testng.reporters.JUnitReportReporter -->
<testsuite hostname="Lafiajis-MacBook-Air.local" failures="0" tests="2" name="tests.LoginwithBeforeTest" time="10.639" errors="0" timestamp="2023-05-05T10:45:06 WAT" skipped="0">
  <testcase classname="tests.LoginwithBeforeTest" name="invalidLogin" time="5.334"/>
  <system-out/>
  <testcase classname="tests.LoginwithBeforeTest" name="validLogin" time="5.305"/>
  <system-out/>
</testsuite> <!-- tests.LoginwithBeforeTest -->
